<?xml version="1.0" encoding="UTF-8"?>
<!-- Generated by org.testng.reporters.JUnitXMLReporter -->
<testsuite hostname="DESKTOP-UQ5ATUK" ignored="0" name="Validating the Title of the page" tests="1" failures="1" timestamp="19 Apr 2019 02:32:47 GMT" time="56.576" errors="0">
  <testcase name="basePageTitle" time="0.293" classname="Academy.validateTitle">
    <failure type="junit.framework.ComparisonFailure" message="expected:&amp;lt;...&amp;gt; but was:&amp;lt;...123&amp;gt;">
      <![CDATA[junit.framework.ComparisonFailure: expected:<...> but was:<...123>
at junit.framework.Assert.assertEquals(Assert.java:81)
at junit.framework.Assert.assertEquals(Assert.java:87)
at Academy.validateTitle.basePageTitle(validateTitle.java:39)
... Removed 29 stack frames]]>
    </failure>
  </testcase> <!-- basePageTitle -->
</testsuite> <!-- Validating the Title of the page -->
