<?xml version="1.0" encoding="UTF-8"?>
<testng-results skipped="0" failed="1" ignored="0" total="3" passed="2">
  <reporter-output>
  </reporter-output>
  <suite name="Suite" duration-ms="164328" started-at="2019-04-19T02:31:47Z" finished-at="2019-04-19T02:34:31Z">
    <groups>
    </groups>
    <test name="Validating the Title of the page" duration-ms="56576" started-at="2019-04-19T02:31:47Z" finished-at="2019-04-19T02:32:43Z">
      <class name="Academy.validateTitle">
        <test-method status="PASS" signature="intialize()[pri:0, instance:Academy.validateTitle@41fbdac4]" name="intialize" is-config="true" duration-ms="53580" started-at="2019-04-19T02:31:47Z" finished-at="2019-04-19T02:32:40Z">
          <reporter-output>
          </reporter-output>
        </test-method> <!-- intialize -->
        <test-method status="FAIL" signature="basePageTitle()[pri:0, instance:Academy.validateTitle@41fbdac4]" name="basePageTitle" duration-ms="293" started-at="2019-04-19T02:32:41Z" finished-at="2019-04-19T02:32:41Z">
          <exception class="junit.framework.ComparisonFailure">
            <message>
              <![CDATA[expected:<...> but was:<...123>]]>
            </message>
            <full-stacktrace>
              <![CDATA[junit.framework.ComparisonFailure: expected:<...> but was:<...123>
at junit.framework.Assert.assertEquals(Assert.java:81)
at junit.framework.Assert.assertEquals(Assert.java:87)
at Academy.validateTitle.basePageTitle(validateTitle.java:39)
at sun.reflect.NativeMethodAccessorImpl.invoke0(Native Method)
at sun.reflect.NativeMethodAccessorImpl.invoke(NativeMethodAccessorImpl.java:62)
at sun.reflect.DelegatingMethodAccessorImpl.invoke(DelegatingMethodAccessorImpl.java:43)
at java.lang.reflect.Method.invoke(Method.java:498)
at org.testng.internal.MethodInvocationHelper.invokeMethod(MethodInvocationHelper.java:124)
at org.testng.internal.Invoker.invokeMethod(Invoker.java:583)
at org.testng.internal.Invoker.invokeTestMethod(Invoker.java:719)
at org.testng.internal.Invoker.invokeTestMethods(Invoker.java:989)
at org.testng.internal.TestMethodWorker.invokeTestMethods(TestMethodWorker.java:125)
at org.testng.internal.TestMethodWorker.run(TestMethodWorker.java:109)
at org.testng.TestRunner.privateRun(TestRunner.java:648)
at org.testng.TestRunner.run(TestRunner.java:505)
at org.testng.SuiteRunner.runTest(SuiteRunner.java:455)
at org.testng.SuiteRunner.runSequentially(SuiteRunner.java:450)
at org.testng.SuiteRunner.privateRun(SuiteRunner.java:415)
at org.testng.SuiteRunner.run(SuiteRunner.java:364)
at org.testng.SuiteRunnerWorker.runSuite(SuiteRunnerWorker.java:52)
at org.testng.SuiteRunnerWorker.run(SuiteRunnerWorker.java:84)
at org.testng.TestNG.runSuitesSequentially(TestNG.java:1208)
at org.testng.TestNG.runSuitesLocally(TestNG.java:1137)
at org.testng.TestNG.runSuites(TestNG.java:1049)
at org.testng.TestNG.run(TestNG.java:1017)
at org.apache.maven.surefire.testng.TestNGExecutor.run(TestNGExecutor.java:283)
at org.apache.maven.surefire.testng.TestNGXmlTestSuite.execute(TestNGXmlTestSuite.java:75)
at org.apache.maven.surefire.testng.TestNGProvider.invoke(TestNGProvider.java:120)
at org.apache.maven.surefire.booter.ForkedBooter.invokeProviderInSameClassLoader(ForkedBooter.java:379)
at org.apache.maven.surefire.booter.ForkedBooter.runSuitesInProcess(ForkedBooter.java:340)
at org.apache.maven.surefire.booter.ForkedBooter.execute(ForkedBooter.java:125)
at org.apache.maven.surefire.booter.ForkedBooter.main(ForkedBooter.java:413)
]]>
            </full-stacktrace>
          </exception> <!-- junit.framework.ComparisonFailure -->
          <reporter-output>
          </reporter-output>
        </test-method> <!-- basePageTitle -->
        <test-method status="PASS" signature="teardown()[pri:0, instance:Academy.validateTitle@41fbdac4]" name="teardown" is-config="true" duration-ms="160" started-at="2019-04-19T02:32:43Z" finished-at="2019-04-19T02:32:43Z">
          <reporter-output>
          </reporter-output>
        </test-method> <!-- teardown -->
      </class> <!-- Academy.validateTitle -->
    </test> <!-- Validating the Title of the page -->
    <test name="Validating the navigation Bar" duration-ms="30455" started-at="2019-04-19T02:32:47Z" finished-at="2019-04-19T02:33:17Z">
      <class name="Academy.validateNavigation">
        <test-method status="PASS" signature="intialize()[pri:0, instance:Academy.validateNavigation@479d31f3]" name="intialize" is-config="true" duration-ms="29918" started-at="2019-04-19T02:32:47Z" finished-at="2019-04-19T02:33:17Z">
          <reporter-output>
          </reporter-output>
        </test-method> <!-- intialize -->
        <test-method status="PASS" signature="basePageNavigation()[pri:0, instance:Academy.validateNavigation@479d31f3]" name="basePageNavigation" duration-ms="375" started-at="2019-04-19T02:33:17Z" finished-at="2019-04-19T02:33:17Z">
          <reporter-output>
          </reporter-output>
        </test-method> <!-- basePageNavigation -->
        <test-method status="PASS" signature="teardown()[pri:0, instance:Academy.validateNavigation@479d31f3]" name="teardown" is-config="true" duration-ms="160" started-at="2019-04-19T02:33:17Z" finished-at="2019-04-19T02:33:17Z">
          <reporter-output>
          </reporter-output>
        </test-method> <!-- teardown -->
      </class> <!-- Academy.validateNavigation -->
    </test> <!-- Validating the navigation Bar -->
    <test name="Validating the functioning of the Homepage" duration-ms="72737" started-at="2019-04-19T02:33:18Z" finished-at="2019-04-19T02:34:31Z">
      <class name="Academy.Homepage">
        <test-method status="PASS" signature="intialize()[pri:0, instance:Academy.Homepage@dbf57b3]" name="intialize" is-config="true" duration-ms="57681" started-at="2019-04-19T02:33:18Z" finished-at="2019-04-19T02:34:16Z">
          <reporter-output>
          </reporter-output>
        </test-method> <!-- intialize -->
        <test-method status="PASS" signature="basePageNavigation(java.lang.String, java.lang.String)[pri:0, instance:Academy.Homepage@dbf57b3]" name="basePageNavigation" duration-ms="14870" started-at="2019-04-19T02:34:16Z" data-provider="getData" finished-at="2019-04-19T02:34:31Z">
          <params>
            <param index="0">
              <value>
                <![CDATA[nonrestricteduser@qa.com]]>
              </value>
            </param>
            <param index="1">
              <value>
                <![CDATA[nonpassword]]>
              </value>
            </param>
          </params>
          <reporter-output>
          </reporter-output>
        </test-method> <!-- basePageNavigation -->
        <test-method status="PASS" signature="teardown()[pri:0, instance:Academy.Homepage@dbf57b3]" name="teardown" is-config="true" duration-ms="155" started-at="2019-04-19T02:34:31Z" finished-at="2019-04-19T02:34:31Z">
          <reporter-output>
          </reporter-output>
        </test-method> <!-- teardown -->
      </class> <!-- Academy.Homepage -->
    </test> <!-- Validating the functioning of the Homepage -->
  </suite> <!-- Suite -->
</testng-results>
